2024-06-08 13:52:27 [INFO] Question: how many rows

2024-06-08 13:52:27 [INFO] Running PandasAI with langchain_ollama-llm LLM...
2024-06-08 13:52:27 [INFO] Prompt ID: c2d8445a-9a02-43ae-ad46-8553faea803a
2024-06-08 13:52:27 [INFO] Executing Pipeline: GenerateChatPipeline
2024-06-08 13:52:27 [INFO] Executing Step 0: ValidatePipelineInput
2024-06-08 13:52:27 [INFO] Executing Step 1: CacheLookup
2024-06-08 13:52:27 [INFO] Executing Step 2: PromptGeneration
2024-06-08 13:52:27 [INFO] Using prompt: <dataframe>
dfs[0]:150x6
Id,SepalLengthCm,SepalWidthCm,PetalLengthCm,PetalWidthCm,Species
21,6.9,3.4,5.3,1.5,Iris-versicolor
128,5.5,2.5,1.3,2.3,Iris-setosa
26,4.3,3.0,6.6,2.1,Iris-virginica
</dataframe>




Update this initial code:
```python
# TODO: import the required dependencies
import pandas as pd

# Write code here

# Declare result var: 
type (possible values "string", "number", "dataframe", "plot"). Examples: { "type": "string", "value": f"The highest salary is {highest_salary}." } or { "type": "number", "value": 125 } or { "type": "dataframe", "value": pd.DataFrame({...}) } or { "type": "plot", "value": "temp_chart.png" }

```



### QUERY
 how many rows


Variable `dfs: list[pd.DataFrame]` is already declared.

At the end, declare "result" variable as a dictionary of type and value.

If you are asked to plot a chart, use "matplotlib" for charts, save as png.


Generate python code and return full updated code:
2024-06-08 13:52:27 [INFO] Executing Step 3: CodeGenerator
2024-06-08 13:52:29 [ERROR] Pipeline failed on step 3: Ollama call failed with status code 404. Maybe your model is not found and you should pull the model with `ollama pull llama2`.
2024-06-08 14:03:50 [INFO] Question: how may rows

2024-06-08 14:03:50 [INFO] Running PandasAI with langchain_ollama-llm LLM...
2024-06-08 14:03:50 [INFO] Prompt ID: c4a8ecaf-04f7-40ac-a23b-35615bca6b07
2024-06-08 14:03:50 [INFO] Executing Pipeline: GenerateChatPipeline
2024-06-08 14:03:50 [INFO] Executing Step 0: ValidatePipelineInput
2024-06-08 14:03:50 [INFO] Executing Step 1: CacheLookup
2024-06-08 14:03:50 [INFO] Executing Step 2: PromptGeneration
2024-06-08 14:03:50 [INFO] Using prompt: <dataframe>
dfs[0]:150x6
Id,SepalLengthCm,SepalWidthCm,PetalLengthCm,PetalWidthCm,Species
55,6.7,2.3,1.3,1.3,Iris-versicolor
93,5.7,4.4,3.8,1.6,Iris-virginica
104,7.1,2.9,5.4,2.0,Iris-setosa
</dataframe>




Update this initial code:
```python
# TODO: import the required dependencies
import pandas as pd

# Write code here

# Declare result var: 
type (possible values "string", "number", "dataframe", "plot"). Examples: { "type": "string", "value": f"The highest salary is {highest_salary}." } or { "type": "number", "value": 125 } or { "type": "dataframe", "value": pd.DataFrame({...}) } or { "type": "plot", "value": "temp_chart.png" }

```



### QUERY
 how may rows


Variable `dfs: list[pd.DataFrame]` is already declared.

At the end, declare "result" variable as a dictionary of type and value.

If you are asked to plot a chart, use "matplotlib" for charts, save as png.


Generate python code and return full updated code:
2024-06-08 14:03:50 [INFO] Executing Step 3: CodeGenerator
2024-06-08 14:07:44 [INFO] Prompt used:
            
<dataframe>
dfs[0]:150x6
Id,SepalLengthCm,SepalWidthCm,PetalLengthCm,PetalWidthCm,Species
55,6.7,2.3,1.3,1.3,Iris-versicolor
93,5.7,4.4,3.8,1.6,Iris-virginica
104,7.1,2.9,5.4,2.0,Iris-setosa
</dataframe>




Update this initial code:
```python
# TODO: import the required dependencies
import pandas as pd

# Write code here

# Declare result var: 
type (possible values "string", "number", "dataframe", "plot"). Examples: { "type": "string", "value": f"The highest salary is {highest_salary}." } or { "type": "number", "value": 125 } or { "type": "dataframe", "value": pd.DataFrame({...}) } or { "type": "plot", "value": "temp_chart.png" }

```



### QUERY
 how may rows


Variable `dfs: list[pd.DataFrame]` is already declared.

At the end, declare "result" variable as a dictionary of type and value.

If you are asked to plot a chart, use "matplotlib" for charts, save as png.


Generate python code and return full updated code:
            
2024-06-08 14:07:44 [INFO] Code generated:
            ```
            # Import required dependencies
import pandas as pd
import numpy as np
import matplotlib.pyplot as plt

# Declare variables
type = "dataframe"
value = pd.DataFrame({'Id': [1, 2, 3], 'SepalLengthCm': [6.7, 5.7, 7.1], 'SepalWidthCm': [2.3, 4.4, 2.9], 'PetalLengthCm': [1.3, 1.6, 5.4], 'PetalWidthCm': [1.3, 1.3, 2.0]})

# Print the number of rows in the dataframe
number_of_rows = value.shape[0]
print(f"There are {number_of_rows} rows in the dataframe.")

# Plot a chart
plt.plot(value['SepalLengthCm'], value['PetalLengthCm'])
plt.xlabel('Sepal Length (cm)')
plt.ylabel('Petal Length (cm)')
plt.title('Relationship between Sepal Length and Petal Length')
plt.show()

# Save the chart as a PNG file
plt.savefig('temp_chart.png')
            ```
            
2024-06-08 14:07:44 [INFO] Executing Step 4: CachePopulation
2024-06-08 14:07:44 [INFO] Executing Step 5: CodeCleaning
2024-06-08 14:07:44 [INFO] Saving charts to D:\DataScience_MachineLearning\All_project\langchain_project\exports\charts\temp_chart.png
2024-06-08 14:07:44 [INFO] 
Code running:
```
type = 'dataframe'
value = pd.DataFrame({'Id': [1, 2, 3], 'SepalLengthCm': [6.7, 5.7, 7.1], 'SepalWidthCm': [2.3, 4.4, 2.9], 'PetalLengthCm': [1.3, 1.6, 5.4], 'PetalWidthCm': [1.3, 1.3, 2.0]})
number_of_rows = value.shape[0]
print(f'There are {number_of_rows} rows in the dataframe.')
plt.plot(value['SepalLengthCm'], value['PetalLengthCm'])
plt.xlabel('Sepal Length (cm)')
plt.ylabel('Petal Length (cm)')
plt.title('Relationship between Sepal Length and Petal Length')
plt.show()
plt.savefig('D:/DataScience_MachineLearning/All_project/langchain_project/exports/charts/temp_chart.png')
        ```
2024-06-08 14:07:44 [INFO] Executing Step 6: CodeExecution
2024-06-08 14:07:44 [ERROR] Failed with error: Traceback (most recent call last):
  File "D:\DataScience_MachineLearning\All_project\langchain_project\lang_env\Lib\site-packages\pandasai\pipelines\chat\code_execution.py", line 85, in execute
    result = self.execute_code(code_to_run, code_context)
             ^^^^^^^^^^^^^^^^^^^^^^^^^^^^^^^^^^^^^^^^^^^^
  File "D:\DataScience_MachineLearning\All_project\langchain_project\lang_env\Lib\site-packages\pandasai\pipelines\chat\code_execution.py", line 175, in execute_code
    raise NoResultFoundError("No result returned")
pandasai.exceptions.NoResultFoundError: No result returned

2024-06-08 14:07:44 [WARNING] Failed to execute code retrying with a correction framework [retry number: 1]
2024-06-08 14:07:44 [INFO] Executing Pipeline: ErrorCorrectionPipeline
2024-06-08 14:07:44 [INFO] Executing Step 0: ErrorPromptGeneration
2024-06-08 14:07:44 [INFO] Using prompt: <dataframe>
dfs[0]:150x6
Id,SepalLengthCm,SepalWidthCm,PetalLengthCm,PetalWidthCm,Species
55,6.7,2.3,1.3,1.3,Iris-versicolor
93,5.7,4.4,3.8,1.6,Iris-virginica
104,7.1,2.9,5.4,2.0,Iris-setosa
</dataframe>


The user asked the following question:
### QUERY
 how may rows


You generated this python code:
type = 'dataframe'
value = pd.DataFrame({'Id': [1, 2, 3], 'SepalLengthCm': [6.7, 5.7, 7.1], 'SepalWidthCm': [2.3, 4.4, 2.9], 'PetalLengthCm': [1.3, 1.6, 5.4], 'PetalWidthCm': [1.3, 1.3, 2.0]})
number_of_rows = value.shape[0]
print(f'There are {number_of_rows} rows in the dataframe.')
plt.plot(value['SepalLengthCm'], value['PetalLengthCm'])
plt.xlabel('Sepal Length (cm)')
plt.ylabel('Petal Length (cm)')
plt.title('Relationship between Sepal Length and Petal Length')
plt.show()
plt.savefig('D:/DataScience_MachineLearning/All_project/langchain_project/exports/charts/temp_chart.png')

It fails with the following error:
Traceback (most recent call last):
  File "D:\DataScience_MachineLearning\All_project\langchain_project\lang_env\Lib\site-packages\pandasai\pipelines\chat\code_execution.py", line 85, in execute
    result = self.execute_code(code_to_run, code_context)
             ^^^^^^^^^^^^^^^^^^^^^^^^^^^^^^^^^^^^^^^^^^^^
  File "D:\DataScience_MachineLearning\All_project\langchain_project\lang_env\Lib\site-packages\pandasai\pipelines\chat\code_execution.py", line 175, in execute_code
    raise NoResultFoundError("No result returned")
pandasai.exceptions.NoResultFoundError: No result returned


Fix the python code above and return the new python code:
2024-06-08 14:07:44 [INFO] Executing Step 1: CodeGenerator
2024-06-08 14:10:06 [INFO] Prompt used:
            
<dataframe>
dfs[0]:150x6
Id,SepalLengthCm,SepalWidthCm,PetalLengthCm,PetalWidthCm,Species
55,6.7,2.3,1.3,1.3,Iris-versicolor
93,5.7,4.4,3.8,1.6,Iris-virginica
104,7.1,2.9,5.4,2.0,Iris-setosa
</dataframe>


The user asked the following question:
### QUERY
 how may rows


You generated this python code:
type = 'dataframe'
value = pd.DataFrame({'Id': [1, 2, 3], 'SepalLengthCm': [6.7, 5.7, 7.1], 'SepalWidthCm': [2.3, 4.4, 2.9], 'PetalLengthCm': [1.3, 1.6, 5.4], 'PetalWidthCm': [1.3, 1.3, 2.0]})
number_of_rows = value.shape[0]
print(f'There are {number_of_rows} rows in the dataframe.')
plt.plot(value['SepalLengthCm'], value['PetalLengthCm'])
plt.xlabel('Sepal Length (cm)')
plt.ylabel('Petal Length (cm)')
plt.title('Relationship between Sepal Length and Petal Length')
plt.show()
plt.savefig('D:/DataScience_MachineLearning/All_project/langchain_project/exports/charts/temp_chart.png')

It fails with the following error:
Traceback (most recent call last):
  File "D:\DataScience_MachineLearning\All_project\langchain_project\lang_env\Lib\site-packages\pandasai\pipelines\chat\code_execution.py", line 85, in execute
    result = self.execute_code(code_to_run, code_context)
             ^^^^^^^^^^^^^^^^^^^^^^^^^^^^^^^^^^^^^^^^^^^^
  File "D:\DataScience_MachineLearning\All_project\langchain_project\lang_env\Lib\site-packages\pandasai\pipelines\chat\code_execution.py", line 175, in execute_code
    raise NoResultFoundError("No result returned")
pandasai.exceptions.NoResultFoundError: No result returned


Fix the python code above and return the new python code:
            
2024-06-08 14:10:06 [INFO] Code generated:
            ```
            def execute_code(code_to_run, code_context):
    type = 'dataframe'
    value = pd.DataFrame({'Id': [1, 2, 3], 'SepalLengthCm': [6.7, 5.7, 7.1], 'SepalWidthCm': [2.3, 4.4, 2.9], 'PetalLengthCm': [1.3, 1.6, 5.4], 'PetalWidthCm': [1.3, 1.3, 2.0]})
    number_of_rows = value.shape[0]
    print(f'There are {number_of_rows} rows in the dataframe.')
    plt.plot(value['SepalLengthCm'], value['PetalLengthCm'])
    plt.xlabel('Sepal Length (cm)')
    plt.ylabel('Petal Length (cm)')
    plt.title('Relationship between Sepal Length and Petal Length')
    plt.show()
    plt.savefig('D:/DataScience_MachineLearning/All_project/langchain_project/exports/charts/temp_chart.png')
            ```
            
2024-06-08 14:10:06 [INFO] Executing Step 2: CodeCleaning
2024-06-08 14:10:06 [INFO] Saving charts to D:\DataScience_MachineLearning\All_project\langchain_project\exports\charts\temp_chart.png
2024-06-08 14:10:06 [INFO] 
Code running:
```
def execute_code(code_to_run, code_context):
    type = 'dataframe'
    value = pd.DataFrame({'Id': [1, 2, 3], 'SepalLengthCm': [6.7, 5.7, 7.1], 'SepalWidthCm': [2.3, 4.4, 2.9], 'PetalLengthCm': [1.3, 1.6, 5.4], 'PetalWidthCm': [1.3, 1.3, 2.0]})
    number_of_rows = value.shape[0]
    print(f'There are {number_of_rows} rows in the dataframe.')
    plt.plot(value['SepalLengthCm'], value['PetalLengthCm'])
    plt.xlabel('Sepal Length (cm)')
    plt.ylabel('Petal Length (cm)')
    plt.title('Relationship between Sepal Length and Petal Length')
    plt.show()
    plt.savefig('D:/DataScience_MachineLearning/All_project/langchain_project/exports/charts/temp_chart.png')
        ```
2024-06-08 14:10:06 [ERROR] Failed with error: Traceback (most recent call last):
  File "D:\DataScience_MachineLearning\All_project\langchain_project\lang_env\Lib\site-packages\pandasai\pipelines\chat\code_execution.py", line 85, in execute
    result = self.execute_code(code_to_run, code_context)
             ^^^^^^^^^^^^^^^^^^^^^^^^^^^^^^^^^^^^^^^^^^^^
  File "D:\DataScience_MachineLearning\All_project\langchain_project\lang_env\Lib\site-packages\pandasai\pipelines\chat\code_execution.py", line 175, in execute_code
    raise NoResultFoundError("No result returned")
pandasai.exceptions.NoResultFoundError: No result returned

2024-06-08 14:10:06 [WARNING] Failed to execute code retrying with a correction framework [retry number: 2]
2024-06-08 14:10:06 [INFO] Executing Pipeline: ErrorCorrectionPipeline
2024-06-08 14:10:06 [INFO] Executing Step 0: ErrorPromptGeneration
2024-06-08 14:10:06 [INFO] Using prompt: <dataframe>
dfs[0]:150x6
Id,SepalLengthCm,SepalWidthCm,PetalLengthCm,PetalWidthCm,Species
55,6.7,2.3,1.3,1.3,Iris-versicolor
93,5.7,4.4,3.8,1.6,Iris-virginica
104,7.1,2.9,5.4,2.0,Iris-setosa
</dataframe>


The user asked the following question:
### QUERY
 how may rows


You generated this python code:
def execute_code(code_to_run, code_context):
    type = 'dataframe'
    value = pd.DataFrame({'Id': [1, 2, 3], 'SepalLengthCm': [6.7, 5.7, 7.1], 'SepalWidthCm': [2.3, 4.4, 2.9], 'PetalLengthCm': [1.3, 1.6, 5.4], 'PetalWidthCm': [1.3, 1.3, 2.0]})
    number_of_rows = value.shape[0]
    print(f'There are {number_of_rows} rows in the dataframe.')
    plt.plot(value['SepalLengthCm'], value['PetalLengthCm'])
    plt.xlabel('Sepal Length (cm)')
    plt.ylabel('Petal Length (cm)')
    plt.title('Relationship between Sepal Length and Petal Length')
    plt.show()
    plt.savefig('D:/DataScience_MachineLearning/All_project/langchain_project/exports/charts/temp_chart.png')

It fails with the following error:
Traceback (most recent call last):
  File "D:\DataScience_MachineLearning\All_project\langchain_project\lang_env\Lib\site-packages\pandasai\pipelines\chat\code_execution.py", line 85, in execute
    result = self.execute_code(code_to_run, code_context)
             ^^^^^^^^^^^^^^^^^^^^^^^^^^^^^^^^^^^^^^^^^^^^
  File "D:\DataScience_MachineLearning\All_project\langchain_project\lang_env\Lib\site-packages\pandasai\pipelines\chat\code_execution.py", line 175, in execute_code
    raise NoResultFoundError("No result returned")
pandasai.exceptions.NoResultFoundError: No result returned


Fix the python code above and return the new python code:
2024-06-08 14:10:06 [INFO] Executing Step 1: CodeGenerator
2024-06-08 14:12:55 [INFO] Prompt used:
            
<dataframe>
dfs[0]:150x6
Id,SepalLengthCm,SepalWidthCm,PetalLengthCm,PetalWidthCm,Species
55,6.7,2.3,1.3,1.3,Iris-versicolor
93,5.7,4.4,3.8,1.6,Iris-virginica
104,7.1,2.9,5.4,2.0,Iris-setosa
</dataframe>


The user asked the following question:
### QUERY
 how may rows


You generated this python code:
def execute_code(code_to_run, code_context):
    type = 'dataframe'
    value = pd.DataFrame({'Id': [1, 2, 3], 'SepalLengthCm': [6.7, 5.7, 7.1], 'SepalWidthCm': [2.3, 4.4, 2.9], 'PetalLengthCm': [1.3, 1.6, 5.4], 'PetalWidthCm': [1.3, 1.3, 2.0]})
    number_of_rows = value.shape[0]
    print(f'There are {number_of_rows} rows in the dataframe.')
    plt.plot(value['SepalLengthCm'], value['PetalLengthCm'])
    plt.xlabel('Sepal Length (cm)')
    plt.ylabel('Petal Length (cm)')
    plt.title('Relationship between Sepal Length and Petal Length')
    plt.show()
    plt.savefig('D:/DataScience_MachineLearning/All_project/langchain_project/exports/charts/temp_chart.png')

It fails with the following error:
Traceback (most recent call last):
  File "D:\DataScience_MachineLearning\All_project\langchain_project\lang_env\Lib\site-packages\pandasai\pipelines\chat\code_execution.py", line 85, in execute
    result = self.execute_code(code_to_run, code_context)
             ^^^^^^^^^^^^^^^^^^^^^^^^^^^^^^^^^^^^^^^^^^^^
  File "D:\DataScience_MachineLearning\All_project\langchain_project\lang_env\Lib\site-packages\pandasai\pipelines\chat\code_execution.py", line 175, in execute_code
    raise NoResultFoundError("No result returned")
pandasai.exceptions.NoResultFoundError: No result returned


Fix the python code above and return the new python code:
            
2024-06-08 14:12:55 [INFO] Code generated:
            ```
            def execute_code(code_to_run, code_context):
    global value
    type = 'dataframe'
    value = pd.DataFrame({'Id': [1, 2, 3], 'SepalLengthCm': [6.7, 5.7, 7.1], 'SepalWidthCm': [2.3, 4.4, 2.9], 'PetalLengthCm': [1.3, 1.6, 5.4], 'PetalWidthCm': [1.3, 1.3, 2.0]})
    number_of_rows = value.shape[0] if value is not None else 0
    print(f'There are {number_of_rows} rows in the dataframe.')
    plt.plot(value['SepalLengthCm'], value['PetalLengthCm'])
    plt.xlabel('Sepal Length (cm)')
    plt.ylabel('Petal Length (cm)')
    plt.title('Relationship between Sepal Length and Petal Length')
    plt.show()
    plt.savefig('D:/DataScience_MachineLearning/All_project/langchain_project/exports/charts/temp_chart.png')
            ```
            
2024-06-08 14:12:55 [INFO] Executing Step 2: CodeCleaning
2024-06-08 14:12:55 [INFO] Saving charts to D:\DataScience_MachineLearning\All_project\langchain_project\exports\charts\temp_chart.png
2024-06-08 14:12:55 [INFO] 
Code running:
```
def execute_code(code_to_run, code_context):
    global value
    type = 'dataframe'
    value = pd.DataFrame({'Id': [1, 2, 3], 'SepalLengthCm': [6.7, 5.7, 7.1], 'SepalWidthCm': [2.3, 4.4, 2.9], 'PetalLengthCm': [1.3, 1.6, 5.4], 'PetalWidthCm': [1.3, 1.3, 2.0]})
    number_of_rows = value.shape[0] if value is not None else 0
    print(f'There are {number_of_rows} rows in the dataframe.')
    plt.plot(value['SepalLengthCm'], value['PetalLengthCm'])
    plt.xlabel('Sepal Length (cm)')
    plt.ylabel('Petal Length (cm)')
    plt.title('Relationship between Sepal Length and Petal Length')
    plt.show()
    plt.savefig('D:/DataScience_MachineLearning/All_project/langchain_project/exports/charts/temp_chart.png')
        ```
2024-06-08 14:12:55 [ERROR] Failed with error: Traceback (most recent call last):
  File "D:\DataScience_MachineLearning\All_project\langchain_project\lang_env\Lib\site-packages\pandasai\pipelines\chat\code_execution.py", line 85, in execute
    result = self.execute_code(code_to_run, code_context)
             ^^^^^^^^^^^^^^^^^^^^^^^^^^^^^^^^^^^^^^^^^^^^
  File "D:\DataScience_MachineLearning\All_project\langchain_project\lang_env\Lib\site-packages\pandasai\pipelines\chat\code_execution.py", line 175, in execute_code
    raise NoResultFoundError("No result returned")
pandasai.exceptions.NoResultFoundError: No result returned

2024-06-08 14:12:55 [WARNING] Failed to execute code retrying with a correction framework [retry number: 3]
2024-06-08 14:12:55 [INFO] Executing Pipeline: ErrorCorrectionPipeline
2024-06-08 14:12:55 [INFO] Executing Step 0: ErrorPromptGeneration
2024-06-08 14:12:55 [INFO] Using prompt: <dataframe>
dfs[0]:150x6
Id,SepalLengthCm,SepalWidthCm,PetalLengthCm,PetalWidthCm,Species
55,6.7,2.3,1.3,1.3,Iris-versicolor
93,5.7,4.4,3.8,1.6,Iris-virginica
104,7.1,2.9,5.4,2.0,Iris-setosa
</dataframe>


The user asked the following question:
### QUERY
 how may rows


You generated this python code:
def execute_code(code_to_run, code_context):
    global value
    type = 'dataframe'
    value = pd.DataFrame({'Id': [1, 2, 3], 'SepalLengthCm': [6.7, 5.7, 7.1], 'SepalWidthCm': [2.3, 4.4, 2.9], 'PetalLengthCm': [1.3, 1.6, 5.4], 'PetalWidthCm': [1.3, 1.3, 2.0]})
    number_of_rows = value.shape[0] if value is not None else 0
    print(f'There are {number_of_rows} rows in the dataframe.')
    plt.plot(value['SepalLengthCm'], value['PetalLengthCm'])
    plt.xlabel('Sepal Length (cm)')
    plt.ylabel('Petal Length (cm)')
    plt.title('Relationship between Sepal Length and Petal Length')
    plt.show()
    plt.savefig('D:/DataScience_MachineLearning/All_project/langchain_project/exports/charts/temp_chart.png')

It fails with the following error:
Traceback (most recent call last):
  File "D:\DataScience_MachineLearning\All_project\langchain_project\lang_env\Lib\site-packages\pandasai\pipelines\chat\code_execution.py", line 85, in execute
    result = self.execute_code(code_to_run, code_context)
             ^^^^^^^^^^^^^^^^^^^^^^^^^^^^^^^^^^^^^^^^^^^^
  File "D:\DataScience_MachineLearning\All_project\langchain_project\lang_env\Lib\site-packages\pandasai\pipelines\chat\code_execution.py", line 175, in execute_code
    raise NoResultFoundError("No result returned")
pandasai.exceptions.NoResultFoundError: No result returned


Fix the python code above and return the new python code:
2024-06-08 14:12:55 [INFO] Executing Step 1: CodeGenerator
2024-06-08 14:15:46 [INFO] Prompt used:
            
<dataframe>
dfs[0]:150x6
Id,SepalLengthCm,SepalWidthCm,PetalLengthCm,PetalWidthCm,Species
55,6.7,2.3,1.3,1.3,Iris-versicolor
93,5.7,4.4,3.8,1.6,Iris-virginica
104,7.1,2.9,5.4,2.0,Iris-setosa
</dataframe>


The user asked the following question:
### QUERY
 how may rows


You generated this python code:
def execute_code(code_to_run, code_context):
    global value
    type = 'dataframe'
    value = pd.DataFrame({'Id': [1, 2, 3], 'SepalLengthCm': [6.7, 5.7, 7.1], 'SepalWidthCm': [2.3, 4.4, 2.9], 'PetalLengthCm': [1.3, 1.6, 5.4], 'PetalWidthCm': [1.3, 1.3, 2.0]})
    number_of_rows = value.shape[0] if value is not None else 0
    print(f'There are {number_of_rows} rows in the dataframe.')
    plt.plot(value['SepalLengthCm'], value['PetalLengthCm'])
    plt.xlabel('Sepal Length (cm)')
    plt.ylabel('Petal Length (cm)')
    plt.title('Relationship between Sepal Length and Petal Length')
    plt.show()
    plt.savefig('D:/DataScience_MachineLearning/All_project/langchain_project/exports/charts/temp_chart.png')

It fails with the following error:
Traceback (most recent call last):
  File "D:\DataScience_MachineLearning\All_project\langchain_project\lang_env\Lib\site-packages\pandasai\pipelines\chat\code_execution.py", line 85, in execute
    result = self.execute_code(code_to_run, code_context)
             ^^^^^^^^^^^^^^^^^^^^^^^^^^^^^^^^^^^^^^^^^^^^
  File "D:\DataScience_MachineLearning\All_project\langchain_project\lang_env\Lib\site-packages\pandasai\pipelines\chat\code_execution.py", line 175, in execute_code
    raise NoResultFoundError("No result returned")
pandasai.exceptions.NoResultFoundError: No result returned


Fix the python code above and return the new python code:
            
2024-06-08 14:15:46 [INFO] Code generated:
            ```
            def execute_code(func):
    global value
    type = 'dataframe'
    value = pd.DataFrame({'Id': [1, 2, 3], 'SepalLengthCm': [6.7, 5.7, 7.1], 'SepalWidthCm': [2.3, 4.4, 2.9], 'PetalLengthCm': [1.3, 1.6, 5.4], 'PetalWidthCm': [1.3, 1.3, 2.0]})
    number_of_rows = value.shape[0] if value is not None else 0
    print(f'There are {number_of_rows} rows in the dataframe.')
    plt.plot(value['SepalLengthCm'], value['PetalLengthCm'])
    plt.xlabel('Sepal Length (cm)')
    plt.ylabel('Petal Length (cm)')
    plt.title('Relationship between Sepal Length and Petal Length')
    plt.show()
    plt.savefig('D:/DataScience_MachineLearning/All_project/langchain_project/exports/charts/temp_chart.png')
    return func(value)
            ```
            
2024-06-08 14:15:46 [INFO] Executing Step 2: CodeCleaning
2024-06-08 14:15:46 [INFO] Saving charts to D:\DataScience_MachineLearning\All_project\langchain_project\exports\charts\temp_chart.png
2024-06-08 14:15:46 [INFO] 
Code running:
```
def execute_code(func):
    global value
    type = 'dataframe'
    value = pd.DataFrame({'Id': [1, 2, 3], 'SepalLengthCm': [6.7, 5.7, 7.1], 'SepalWidthCm': [2.3, 4.4, 2.9], 'PetalLengthCm': [1.3, 1.6, 5.4], 'PetalWidthCm': [1.3, 1.3, 2.0]})
    number_of_rows = value.shape[0] if value is not None else 0
    print(f'There are {number_of_rows} rows in the dataframe.')
    plt.plot(value['SepalLengthCm'], value['PetalLengthCm'])
    plt.xlabel('Sepal Length (cm)')
    plt.ylabel('Petal Length (cm)')
    plt.title('Relationship between Sepal Length and Petal Length')
    plt.show()
    plt.savefig('D:/DataScience_MachineLearning/All_project/langchain_project/exports/charts/temp_chart.png')
    return func(value)
        ```
2024-06-08 14:15:46 [ERROR] Failed with error: Traceback (most recent call last):
  File "D:\DataScience_MachineLearning\All_project\langchain_project\lang_env\Lib\site-packages\pandasai\pipelines\chat\code_execution.py", line 85, in execute
    result = self.execute_code(code_to_run, code_context)
             ^^^^^^^^^^^^^^^^^^^^^^^^^^^^^^^^^^^^^^^^^^^^
  File "D:\DataScience_MachineLearning\All_project\langchain_project\lang_env\Lib\site-packages\pandasai\pipelines\chat\code_execution.py", line 175, in execute_code
    raise NoResultFoundError("No result returned")
pandasai.exceptions.NoResultFoundError: No result returned

2024-06-08 14:15:46 [ERROR] Pipeline failed on step 6: No result returned
2024-06-08 14:18:14 [INFO] Question: HOW MANY ROWS

2024-06-08 14:18:14 [INFO] Running PandasAI with langchain_ollama-llm LLM...
2024-06-08 14:18:14 [INFO] Prompt ID: 41d8541c-f9fa-445f-95d4-1597641f2ece
2024-06-08 14:18:14 [INFO] Executing Pipeline: GenerateChatPipeline
2024-06-08 14:18:14 [INFO] Executing Step 0: ValidatePipelineInput
2024-06-08 14:18:14 [INFO] Executing Step 1: CacheLookup
2024-06-08 14:18:14 [INFO] Executing Step 2: PromptGeneration
2024-06-08 14:18:14 [INFO] Using prompt: <dataframe>
dfs[0]:150x6
Id,SepalLengthCm,SepalWidthCm,PetalLengthCm,PetalWidthCm,Species
110,7.2,2.5,6.0,1.4,Iris-versicolor
64,6.6,3.4,5.6,1.5,Iris-virginica
90,6.4,2.7,4.2,1.2,Iris-setosa
</dataframe>




Update this initial code:
```python
# TODO: import the required dependencies
import pandas as pd

# Write code here

# Declare result var: 
type (possible values "string", "number", "dataframe", "plot"). Examples: { "type": "string", "value": f"The highest salary is {highest_salary}." } or { "type": "number", "value": 125 } or { "type": "dataframe", "value": pd.DataFrame({...}) } or { "type": "plot", "value": "temp_chart.png" }

```



### QUERY
 HOW MANY ROWS


Variable `dfs: list[pd.DataFrame]` is already declared.

At the end, declare "result" variable as a dictionary of type and value.

If you are asked to plot a chart, use "matplotlib" for charts, save as png.


Generate python code and return full updated code:
2024-06-08 14:18:14 [INFO] Executing Step 3: CodeGenerator
2024-06-08 14:19:44 [INFO] Prompt used:
            
<dataframe>
dfs[0]:150x6
Id,SepalLengthCm,SepalWidthCm,PetalLengthCm,PetalWidthCm,Species
110,7.2,2.5,6.0,1.4,Iris-versicolor
64,6.6,3.4,5.6,1.5,Iris-virginica
90,6.4,2.7,4.2,1.2,Iris-setosa
</dataframe>




Update this initial code:
```python
# TODO: import the required dependencies
import pandas as pd

# Write code here

# Declare result var: 
type (possible values "string", "number", "dataframe", "plot"). Examples: { "type": "string", "value": f"The highest salary is {highest_salary}." } or { "type": "number", "value": 125 } or { "type": "dataframe", "value": pd.DataFrame({...}) } or { "type": "plot", "value": "temp_chart.png" }

```



### QUERY
 HOW MANY ROWS


Variable `dfs: list[pd.DataFrame]` is already declared.

At the end, declare "result" variable as a dictionary of type and value.

If you are asked to plot a chart, use "matplotlib" for charts, save as png.


Generate python code and return full updated code:
            
2024-06-08 14:19:44 [INFO] Code generated:
            ```
            import pandas as pd

# Declare dataframe from provided data
dfs = [pd.DataFrame([
    ['110', '7.2', '2.5', '6.0', '1.4', 'Iris-versicolor'],
    ['64', '6.6', '3.4', '5.6', '1.5', 'Iris-virginica'],
    ['90', '6.4', '2.7', '4.2', '1.2', 'Iris-setosa']
], columns=['Id', 'SepalLengthCm', 'SepalWidthCm', 'PetalLengthCm', 'PetalWidthCm', 'Species'])
]

# To count the number of rows
result = {
    "type": "number",
    "value": len(dfs[0])
}

# Print the result for clarity
print(result)
            ```
            
2024-06-08 14:19:44 [INFO] Executing Step 4: CachePopulation
2024-06-08 14:19:44 [INFO] Executing Step 5: CodeCleaning
2024-06-08 14:19:44 [INFO] 
Code running:
```
result = {'type': 'number', 'value': len(dfs[0])}
print(result)
        ```
2024-06-08 14:19:44 [INFO] Executing Step 6: CodeExecution
2024-06-08 14:19:44 [INFO] Executing Step 7: ResultValidation
2024-06-08 14:19:44 [INFO] Answer: {'type': 'number', 'value': 150}
2024-06-08 14:19:44 [INFO] Executing Step 8: ResultParsing
2024-06-08 14:23:49 [INFO] Question: calculate the avergag value of SepalLengthCm
2024-06-08 14:23:49 [INFO] Running PandasAI with langchain_ollama-llm LLM...
2024-06-08 14:23:49 [INFO] Prompt ID: 9aed28b5-62f6-4729-869e-5a39715abaf5
2024-06-08 14:23:49 [INFO] Executing Pipeline: GenerateChatPipeline
2024-06-08 14:23:49 [INFO] Executing Step 0: ValidatePipelineInput
2024-06-08 14:23:49 [INFO] Executing Step 1: CacheLookup
2024-06-08 14:23:49 [INFO] Executing Step 2: PromptGeneration
2024-06-08 14:23:49 [INFO] Using prompt: <dataframe>
dfs[0]:150x6
Id,SepalLengthCm,SepalWidthCm,PetalLengthCm,PetalWidthCm,Species
115,6.7,3.0,6.1,0.6,Iris-setosa
94,5.8,2.8,3.3,0.2,Iris-virginica
35,6.4,3.5,1.0,2.5,Iris-versicolor
</dataframe>




Update this initial code:
```python
# TODO: import the required dependencies
import pandas as pd

# Write code here

# Declare result var: 
type (possible values "string", "number", "dataframe", "plot"). Examples: { "type": "string", "value": f"The highest salary is {highest_salary}." } or { "type": "number", "value": 125 } or { "type": "dataframe", "value": pd.DataFrame({...}) } or { "type": "plot", "value": "temp_chart.png" }

```



### QUERY
 calculate the avergag value of SepalLengthCm

Variable `dfs: list[pd.DataFrame]` is already declared.

At the end, declare "result" variable as a dictionary of type and value.

If you are asked to plot a chart, use "matplotlib" for charts, save as png.


Generate python code and return full updated code:
2024-06-08 14:23:49 [INFO] Executing Step 3: CodeGenerator
2024-06-08 14:24:55 [INFO] Prompt used:
            
<dataframe>
dfs[0]:150x6
Id,SepalLengthCm,SepalWidthCm,PetalLengthCm,PetalWidthCm,Species
115,6.7,3.0,6.1,0.6,Iris-setosa
94,5.8,2.8,3.3,0.2,Iris-virginica
35,6.4,3.5,1.0,2.5,Iris-versicolor
</dataframe>




Update this initial code:
```python
# TODO: import the required dependencies
import pandas as pd

# Write code here

# Declare result var: 
type (possible values "string", "number", "dataframe", "plot"). Examples: { "type": "string", "value": f"The highest salary is {highest_salary}." } or { "type": "number", "value": 125 } or { "type": "dataframe", "value": pd.DataFrame({...}) } or { "type": "plot", "value": "temp_chart.png" }

```



### QUERY
 calculate the avergag value of SepalLengthCm

Variable `dfs: list[pd.DataFrame]` is already declared.

At the end, declare "result" variable as a dictionary of type and value.

If you are asked to plot a chart, use "matplotlib" for charts, save as png.


Generate python code and return full updated code:
            
2024-06-08 14:24:55 [INFO] Code generated:
            ```
            # Import the required dependencies
import pandas as pd
import matplotlib.pyplot as plt

# Assuming dfs is already declared as a list of dataframes

# Calculate the average value of SepalLengthCm
average_sepal_length = dfs[0]['SepalLengthCm'].mean()

# Declare result variable as a dictionary
result = { "type": "number", "value": average_sepal_length }

# If needed, plot the distribution of SepalLengthCm
if False:  # Uncomment this line if you want to visualize the data
    dfs[0].hist(bins=20, figsize=(10, 6))
    plt.title('Histogram of SepalLengthCm')
    plt.xlabel('SepalLengthCm')
    plt.ylabel('Frequency')
    plt.savefig('sepal_length_histogram.png')
    plt.close()

# Return the updated code
result
            ```
            
2024-06-08 14:24:55 [INFO] Executing Step 4: CachePopulation
2024-06-08 14:24:55 [INFO] Executing Step 5: CodeCleaning
2024-06-08 14:24:55 [INFO] Saving charts to D:\DataScience_MachineLearning\All_project\langchain_project\exports\charts\temp_chart.png
2024-06-08 14:24:55 [INFO] 
Code running:
```
average_sepal_length = dfs[0]['SepalLengthCm'].mean()
result = {'type': 'number', 'value': average_sepal_length}
if False:
    dfs[0].hist(bins=20, figsize=(10, 6))
    plt.title('Histogram of SepalLengthCm')
    plt.xlabel('SepalLengthCm')
    plt.ylabel('Frequency')
    plt.savefig('D:/DataScience_MachineLearning/All_project/langchain_project/exports/charts/temp_chart.png')
    plt.close()
result
        ```
2024-06-08 14:24:55 [INFO] Executing Step 6: CodeExecution
2024-06-08 14:24:55 [INFO] Executing Step 7: ResultValidation
2024-06-08 14:24:55 [INFO] Answer: {'type': 'number', 'value': 5.843333333333334}
2024-06-08 14:24:55 [INFO] Executing Step 8: ResultParsing
2024-06-08 14:25:51 [INFO] Question: give the species columns
2024-06-08 14:25:51 [INFO] Running PandasAI with langchain_ollama-llm LLM...
2024-06-08 14:25:51 [INFO] Prompt ID: 6c4d70f1-5939-43fe-bbe3-e99b5f96f37c
2024-06-08 14:25:51 [INFO] Executing Pipeline: GenerateChatPipeline
2024-06-08 14:25:51 [INFO] Executing Step 0: ValidatePipelineInput
2024-06-08 14:25:51 [INFO] Executing Step 1: CacheLookup
2024-06-08 14:25:51 [INFO] Executing Step 2: PromptGeneration
2024-06-08 14:25:51 [INFO] Using prompt: <dataframe>
dfs[0]:150x6
Id,SepalLengthCm,SepalWidthCm,PetalLengthCm,PetalWidthCm,Species
57,5.2,4.4,3.7,1.7,Iris-virginica
58,7.9,4.1,5.3,0.4,Iris-setosa
2,7.0,2.4,3.9,2.1,Iris-versicolor
</dataframe>




Update this initial code:
```python
# TODO: import the required dependencies
import pandas as pd

# Write code here

# Declare result var: 
type (possible values "string", "number", "dataframe", "plot"). Examples: { "type": "string", "value": f"The highest salary is {highest_salary}." } or { "type": "number", "value": 125 } or { "type": "dataframe", "value": pd.DataFrame({...}) } or { "type": "plot", "value": "temp_chart.png" }

```



### QUERY
 give the species columns

Variable `dfs: list[pd.DataFrame]` is already declared.

At the end, declare "result" variable as a dictionary of type and value.

If you are asked to plot a chart, use "matplotlib" for charts, save as png.


Generate python code and return full updated code:
2024-06-08 14:25:51 [INFO] Executing Step 3: CodeGenerator
2024-06-08 14:27:00 [INFO] Prompt used:
            
<dataframe>
dfs[0]:150x6
Id,SepalLengthCm,SepalWidthCm,PetalLengthCm,PetalWidthCm,Species
57,5.2,4.4,3.7,1.7,Iris-virginica
58,7.9,4.1,5.3,0.4,Iris-setosa
2,7.0,2.4,3.9,2.1,Iris-versicolor
</dataframe>




Update this initial code:
```python
# TODO: import the required dependencies
import pandas as pd

# Write code here

# Declare result var: 
type (possible values "string", "number", "dataframe", "plot"). Examples: { "type": "string", "value": f"The highest salary is {highest_salary}." } or { "type": "number", "value": 125 } or { "type": "dataframe", "value": pd.DataFrame({...}) } or { "type": "plot", "value": "temp_chart.png" }

```



### QUERY
 give the species columns

Variable `dfs: list[pd.DataFrame]` is already declared.

At the end, declare "result" variable as a dictionary of type and value.

If you are asked to plot a chart, use "matplotlib" for charts, save as png.


Generate python code and return full updated code:
            
2024-06-08 14:27:00 [INFO] Code generated:
            ```
            import pandas as pd

# Declare dfs
dfs = [pd.DataFrame({"Id": [57, 58, 2], "SepalLengthCm": [5.2, 7.9, 7.0], "SepalWidthCm": [4.4, 4.1, 2.4], "PetalLengthCm": [3.7, 5.3, 3.9], "PetalWidthCm": [1.7, 0.4, 2.1], "Species": ["Iris-virginica", "Iris-setosa", "Iris-versicolor"]})]

# Extract species column and create new dataframe with only species
species_df = pd.DataFrame(dfs[0]['Species'])

# Declare result variable as a dictionary of type and value
result = { "type": "dataframe", "value": species_df }
            ```
            
2024-06-08 14:27:00 [INFO] Executing Step 4: CachePopulation
2024-06-08 14:27:00 [INFO] Executing Step 5: CodeCleaning
2024-06-08 14:27:00 [INFO] 
Code running:
```
species_df = pd.DataFrame(dfs[0]['Species'])
result = {'type': 'dataframe', 'value': species_df}
        ```
2024-06-08 14:27:00 [INFO] Executing Step 6: CodeExecution
2024-06-08 14:27:00 [INFO] Executing Step 7: ResultValidation
2024-06-08 14:27:00 [INFO] Answer: {'type': 'dataframe', 'value':             Species
0       Iris-setosa
1       Iris-setosa
2       Iris-setosa
3       Iris-setosa
4       Iris-setosa
..              ...
145  Iris-virginica
146  Iris-virginica
147  Iris-virginica
148  Iris-virginica
149  Iris-virginica

[150 rows x 1 columns]}
2024-06-08 14:27:00 [INFO] Executing Step 8: ResultParsing
2024-06-08 14:27:24 [INFO] Question: give the id columns
2024-06-08 14:27:24 [INFO] Running PandasAI with langchain_ollama-llm LLM...
2024-06-08 14:27:24 [INFO] Prompt ID: 6d00ec72-5988-4d42-aa11-a9bf878600cb
2024-06-08 14:27:24 [INFO] Executing Pipeline: GenerateChatPipeline
2024-06-08 14:27:24 [INFO] Executing Step 0: ValidatePipelineInput
2024-06-08 14:27:24 [INFO] Executing Step 1: CacheLookup
2024-06-08 14:27:24 [INFO] Executing Step 2: PromptGeneration
2024-06-08 14:27:24 [INFO] Using prompt: <dataframe>
dfs[0]:150x6
Id,SepalLengthCm,SepalWidthCm,PetalLengthCm,PetalWidthCm,Species
75,5.2,4.0,6.7,2.4,Iris-setosa
129,5.8,3.7,1.1,1.3,Iris-versicolor
61,6.8,3.8,5.8,1.6,Iris-virginica
</dataframe>




Update this initial code:
```python
# TODO: import the required dependencies
import pandas as pd

# Write code here

# Declare result var: 
type (possible values "string", "number", "dataframe", "plot"). Examples: { "type": "string", "value": f"The highest salary is {highest_salary}." } or { "type": "number", "value": 125 } or { "type": "dataframe", "value": pd.DataFrame({...}) } or { "type": "plot", "value": "temp_chart.png" }

```



### QUERY
 give the id columns

Variable `dfs: list[pd.DataFrame]` is already declared.

At the end, declare "result" variable as a dictionary of type and value.

If you are asked to plot a chart, use "matplotlib" for charts, save as png.


Generate python code and return full updated code:
2024-06-08 14:27:24 [INFO] Executing Step 3: CodeGenerator
2024-06-08 14:28:32 [INFO] Prompt used:
            
<dataframe>
dfs[0]:150x6
Id,SepalLengthCm,SepalWidthCm,PetalLengthCm,PetalWidthCm,Species
75,5.2,4.0,6.7,2.4,Iris-setosa
129,5.8,3.7,1.1,1.3,Iris-versicolor
61,6.8,3.8,5.8,1.6,Iris-virginica
</dataframe>




Update this initial code:
```python
# TODO: import the required dependencies
import pandas as pd

# Write code here

# Declare result var: 
type (possible values "string", "number", "dataframe", "plot"). Examples: { "type": "string", "value": f"The highest salary is {highest_salary}." } or { "type": "number", "value": 125 } or { "type": "dataframe", "value": pd.DataFrame({...}) } or { "type": "plot", "value": "temp_chart.png" }

```



### QUERY
 give the id columns

Variable `dfs: list[pd.DataFrame]` is already declared.

At the end, declare "result" variable as a dictionary of type and value.

If you are asked to plot a chart, use "matplotlib" for charts, save as png.


Generate python code and return full updated code:
            
2024-06-08 14:28:32 [INFO] Code generated:
            ```
            # Import the required dependencies
import pandas as pd
import matplotlib.pyplot as plt

# Declare result var:
result = { "type": "dataframe", "value": dfs[0] }

# Extract id columns and append them to the result dictionary
result["id_columns"] = dfs[0].columns[:1].tolist()

if __name__ == "__main__":
    # Assuming dfs is already defined as a list of dataframes
    pass
            ```
            
2024-06-08 14:28:32 [INFO] Executing Step 4: CachePopulation
2024-06-08 14:28:32 [INFO] Executing Step 5: CodeCleaning
2024-06-08 14:28:32 [INFO] 
Code running:
```
result = {'type': 'dataframe', 'value': dfs[0]}
result['id_columns'] = dfs[0].columns[:1].tolist()
if __name__ == '__main__':
    pass
        ```
2024-06-08 14:28:32 [INFO] Executing Step 6: CodeExecution
2024-06-08 14:28:32 [INFO] Executing Step 7: ResultValidation
2024-06-08 14:28:32 [INFO] Answer: {'type': 'dataframe', 'value':       Id  ...         Species
0      1  ...     Iris-setosa
1      2  ...     Iris-setosa
2      3  ...     Iris-setosa
3      4  ...     Iris-setosa
4      5  ...     Iris-setosa
..   ...  ...             ...
145  146  ...  Iris-virginica
146  147  ...  Iris-virginica
147  148  ...  Iris-virginica
148  149  ...  Iris-virginica
149  150  ...  Iris-virginica

[150 rows x 6 columns], 'id_columns': ['Id']}
2024-06-08 14:28:32 [INFO] Executing Step 8: ResultParsing
2024-06-08 14:30:14 [INFO] Question: give me the shape of dataframe
2024-06-08 14:30:14 [INFO] Running PandasAI with langchain_ollama-llm LLM...
2024-06-08 14:30:14 [INFO] Prompt ID: 938941dc-87b5-4fcf-b00e-1df4523e59ce
2024-06-08 14:30:14 [INFO] Executing Pipeline: GenerateChatPipeline
2024-06-08 14:30:14 [INFO] Executing Step 0: ValidatePipelineInput
2024-06-08 14:30:14 [INFO] Executing Step 1: CacheLookup
2024-06-08 14:30:14 [INFO] Executing Step 2: PromptGeneration
2024-06-08 14:30:14 [INFO] Using prompt: <dataframe>
dfs[0]:150x6
Id,SepalLengthCm,SepalWidthCm,PetalLengthCm,PetalWidthCm,Species
25,6.0,2.3,6.9,1.4,Iris-virginica
56,6.5,3.6,1.2,2.1,Iris-versicolor
93,5.2,4.0,4.3,2.3,Iris-setosa
</dataframe>




Update this initial code:
```python
# TODO: import the required dependencies
import pandas as pd

# Write code here

# Declare result var: 
type (possible values "string", "number", "dataframe", "plot"). Examples: { "type": "string", "value": f"The highest salary is {highest_salary}." } or { "type": "number", "value": 125 } or { "type": "dataframe", "value": pd.DataFrame({...}) } or { "type": "plot", "value": "temp_chart.png" }

```



### QUERY
 give me the shape of dataframe

Variable `dfs: list[pd.DataFrame]` is already declared.

At the end, declare "result" variable as a dictionary of type and value.

If you are asked to plot a chart, use "matplotlib" for charts, save as png.


Generate python code and return full updated code:
2024-06-08 14:30:14 [INFO] Executing Step 3: CodeGenerator
2024-06-08 14:32:18 [INFO] Prompt used:
            
<dataframe>
dfs[0]:150x6
Id,SepalLengthCm,SepalWidthCm,PetalLengthCm,PetalWidthCm,Species
25,6.0,2.3,6.9,1.4,Iris-virginica
56,6.5,3.6,1.2,2.1,Iris-versicolor
93,5.2,4.0,4.3,2.3,Iris-setosa
</dataframe>




Update this initial code:
```python
# TODO: import the required dependencies
import pandas as pd

# Write code here

# Declare result var: 
type (possible values "string", "number", "dataframe", "plot"). Examples: { "type": "string", "value": f"The highest salary is {highest_salary}." } or { "type": "number", "value": 125 } or { "type": "dataframe", "value": pd.DataFrame({...}) } or { "type": "plot", "value": "temp_chart.png" }

```



### QUERY
 give me the shape of dataframe

Variable `dfs: list[pd.DataFrame]` is already declared.

At the end, declare "result" variable as a dictionary of type and value.

If you are asked to plot a chart, use "matplotlib" for charts, save as png.


Generate python code and return full updated code:
            
2024-06-08 14:32:18 [INFO] Code generated:
            ```
            # Import required dependencies
import pandas as pd
import matplotlib.pyplot as plt

# Declare dataframe
dfs = [pd.DataFrame([
        ['25', '6.0', '2.3', '6.9', '1.4', 'Iris-virginica'],
        ['56', '6.5', '3.6', '1.2', '2.1', 'Iris-versicolor'],
        ['93', '5.2', '4.0', '4.3', '2.3', 'Iris-setosa']], columns=['Id', 'SepalLengthCm', 'SepalWidthCm', 'PetalLengthCm', 'PetalWidthCm', 'Species'])]

# Get shape of dataframe (number of rows and number of columns)
num_rows = dfs[0].shape[0]
num_cols = dfs[0].shape[1]
result = { "type": "number", "value": f"The dataframe has {num_rows} rows and {num_cols} columns." }

# If you are asked to plot a chart, use matplotlib for charts, save as png.
# (Assuming you have the data in dfs[0] for this example)
# dfs[0].plot(x='Id', y=['SepalLengthCm', 'SepalWidthCm'], kind='scatter')
# plt.savefig('temp_chart.png')
# result = { "type": "plot", "value": "temp_chart.png" }
            ```
            
2024-06-08 14:32:18 [INFO] Executing Step 4: CachePopulation
2024-06-08 14:32:18 [INFO] Executing Step 5: CodeCleaning
2024-06-08 14:32:18 [INFO] Saving charts to D:\DataScience_MachineLearning\All_project\langchain_project\exports\charts\temp_chart.png
2024-06-08 14:32:18 [INFO] 
Code running:
```
num_rows = dfs[0].shape[0]
num_cols = dfs[0].shape[1]
result = {'type': 'number', 'value': f'The dataframe has {num_rows} rows and {num_cols} columns.'}
        ```
2024-06-08 14:32:18 [INFO] Executing Step 6: CodeExecution
2024-06-08 14:32:18 [ERROR] Failed with error: Traceback (most recent call last):
  File "D:\DataScience_MachineLearning\All_project\langchain_project\lang_env\Lib\site-packages\pandasai\pipelines\chat\code_execution.py", line 97, in execute
    raise InvalidOutputValueMismatch(
pandasai.exceptions.InvalidOutputValueMismatch: Value type <class 'str'> must match with type number

2024-06-08 14:32:18 [WARNING] Failed to execute code retrying with a correction framework [retry number: 1]
2024-06-08 14:32:18 [INFO] Executing Pipeline: ErrorCorrectionPipeline
2024-06-08 14:32:18 [INFO] Executing Step 0: ErrorPromptGeneration
2024-06-08 14:32:18 [INFO] Using prompt: <dataframe>
dfs[0]:150x6
Id,SepalLengthCm,SepalWidthCm,PetalLengthCm,PetalWidthCm,Species
25,6.0,2.3,6.9,1.4,Iris-virginica
56,6.5,3.6,1.2,2.1,Iris-versicolor
93,5.2,4.0,4.3,2.3,Iris-setosa
</dataframe>


The user asked the following question:
### QUERY
 give me the shape of dataframe

You generated this python code:
num_rows = dfs[0].shape[0]
num_cols = dfs[0].shape[1]
result = {'type': 'number', 'value': f'The dataframe has {num_rows} rows and {num_cols} columns.'}

It fails with the following error:
Traceback (most recent call last):
  File "D:\DataScience_MachineLearning\All_project\langchain_project\lang_env\Lib\site-packages\pandasai\pipelines\chat\code_execution.py", line 97, in execute
    raise InvalidOutputValueMismatch(
pandasai.exceptions.InvalidOutputValueMismatch: Value type <class 'str'> must match with type number


Fix the python code above and return the new python code:
2024-06-08 14:32:18 [INFO] Executing Step 1: CodeGenerator
2024-06-08 14:33:15 [INFO] Prompt used:
            
<dataframe>
dfs[0]:150x6
Id,SepalLengthCm,SepalWidthCm,PetalLengthCm,PetalWidthCm,Species
25,6.0,2.3,6.9,1.4,Iris-virginica
56,6.5,3.6,1.2,2.1,Iris-versicolor
93,5.2,4.0,4.3,2.3,Iris-setosa
</dataframe>


The user asked the following question:
### QUERY
 give me the shape of dataframe

You generated this python code:
num_rows = dfs[0].shape[0]
num_cols = dfs[0].shape[1]
result = {'type': 'number', 'value': f'The dataframe has {num_rows} rows and {num_cols} columns.'}

It fails with the following error:
Traceback (most recent call last):
  File "D:\DataScience_MachineLearning\All_project\langchain_project\lang_env\Lib\site-packages\pandasai\pipelines\chat\code_execution.py", line 97, in execute
    raise InvalidOutputValueMismatch(
pandasai.exceptions.InvalidOutputValueMismatch: Value type <class 'str'> must match with type number


Fix the python code above and return the new python code:
            
2024-06-08 14:33:15 [INFO] Code generated:
            ```
            num_rows = int(dfs[0].shape[0])
num_cols = dfs[0].shape[1]
result = {'type': 'number', 'value': f'The dataframe has {num_rows} rows and {num_cols} columns.'}
            ```
            
2024-06-08 14:33:15 [INFO] Executing Step 2: CodeCleaning
2024-06-08 14:33:15 [INFO] 
Code running:
```
num_rows = int(dfs[0].shape[0])
num_cols = dfs[0].shape[1]
result = {'type': 'number', 'value': f'The dataframe has {num_rows} rows and {num_cols} columns.'}
        ```
2024-06-08 14:33:15 [ERROR] Failed with error: Traceback (most recent call last):
  File "D:\DataScience_MachineLearning\All_project\langchain_project\lang_env\Lib\site-packages\pandasai\pipelines\chat\code_execution.py", line 97, in execute
    raise InvalidOutputValueMismatch(
pandasai.exceptions.InvalidOutputValueMismatch: Value type <class 'str'> must match with type number

2024-06-08 14:33:15 [WARNING] Failed to execute code retrying with a correction framework [retry number: 2]
2024-06-08 14:33:15 [INFO] Executing Pipeline: ErrorCorrectionPipeline
2024-06-08 14:33:15 [INFO] Executing Step 0: ErrorPromptGeneration
2024-06-08 14:33:15 [INFO] Using prompt: <dataframe>
dfs[0]:150x6
Id,SepalLengthCm,SepalWidthCm,PetalLengthCm,PetalWidthCm,Species
25,6.0,2.3,6.9,1.4,Iris-virginica
56,6.5,3.6,1.2,2.1,Iris-versicolor
93,5.2,4.0,4.3,2.3,Iris-setosa
</dataframe>


The user asked the following question:
### QUERY
 give me the shape of dataframe

You generated this python code:
num_rows = int(dfs[0].shape[0])
num_cols = dfs[0].shape[1]
result = {'type': 'number', 'value': f'The dataframe has {num_rows} rows and {num_cols} columns.'}

It fails with the following error:
Traceback (most recent call last):
  File "D:\DataScience_MachineLearning\All_project\langchain_project\lang_env\Lib\site-packages\pandasai\pipelines\chat\code_execution.py", line 97, in execute
    raise InvalidOutputValueMismatch(
pandasai.exceptions.InvalidOutputValueMismatch: Value type <class 'str'> must match with type number


Fix the python code above and return the new python code:
2024-06-08 14:33:15 [INFO] Executing Step 1: CodeGenerator
2024-06-08 14:34:14 [INFO] Question: give the size of data frame
2024-06-08 14:34:14 [INFO] Running PandasAI with langchain_ollama-llm LLM...
2024-06-08 14:34:14 [INFO] Prompt ID: 0230969d-8032-410d-804e-6d7b1e8592fa
2024-06-08 14:34:14 [INFO] Executing Pipeline: GenerateChatPipeline
2024-06-08 14:34:14 [INFO] Executing Step 0: ValidatePipelineInput
2024-06-08 14:34:14 [INFO] Executing Step 1: CacheLookup
2024-06-08 14:34:14 [INFO] Executing Step 2: PromptGeneration
2024-06-08 14:34:14 [INFO] Using prompt: <dataframe>
dfs[0]:150x6
Id,SepalLengthCm,SepalWidthCm,PetalLengthCm,PetalWidthCm,Species
43,7.3,3.3,4.3,1.9,Iris-setosa
92,4.3,4.1,5.5,2.1,Iris-versicolor
148,6.9,3.8,6.0,0.3,Iris-virginica
</dataframe>




Update this initial code:
```python
# TODO: import the required dependencies
import pandas as pd

# Write code here

# Declare result var: 
type (possible values "string", "number", "dataframe", "plot"). Examples: { "type": "string", "value": f"The highest salary is {highest_salary}." } or { "type": "number", "value": 125 } or { "type": "dataframe", "value": pd.DataFrame({...}) } or { "type": "plot", "value": "temp_chart.png" }

```



### QUERY
 give the size of data frame

Variable `dfs: list[pd.DataFrame]` is already declared.

At the end, declare "result" variable as a dictionary of type and value.

If you are asked to plot a chart, use "matplotlib" for charts, save as png.


Generate python code and return full updated code:
2024-06-08 14:34:14 [INFO] Executing Step 3: CodeGenerator
2024-06-08 14:34:23 [INFO] Prompt used:
            
<dataframe>
dfs[0]:150x6
Id,SepalLengthCm,SepalWidthCm,PetalLengthCm,PetalWidthCm,Species
25,6.0,2.3,6.9,1.4,Iris-virginica
56,6.5,3.6,1.2,2.1,Iris-versicolor
93,5.2,4.0,4.3,2.3,Iris-setosa
</dataframe>


The user asked the following question:
### QUERY
 give me the shape of dataframe

You generated this python code:
num_rows = int(dfs[0].shape[0])
num_cols = dfs[0].shape[1]
result = {'type': 'number', 'value': f'The dataframe has {num_rows} rows and {num_cols} columns.'}

It fails with the following error:
Traceback (most recent call last):
  File "D:\DataScience_MachineLearning\All_project\langchain_project\lang_env\Lib\site-packages\pandasai\pipelines\chat\code_execution.py", line 97, in execute
    raise InvalidOutputValueMismatch(
pandasai.exceptions.InvalidOutputValueMismatch: Value type <class 'str'> must match with type number


Fix the python code above and return the new python code:
            
2024-06-08 14:34:23 [INFO] Code generated:
            ```
            # Convert string to float for shape calculation
dfs[0].shape = tuple(map(float, dfs[0].shape))

num_rows = int(dfs[0][0])
num_cols = int(dfs[0][1])
result = {'type': 'number', 'value': f'The dataframe has {num_rows} rows and {num_cols} columns.'}
            ```
            
2024-06-08 14:34:23 [INFO] Executing Step 2: CodeCleaning
2024-06-08 14:34:23 [INFO] 
Code running:
```
dfs[0].shape = tuple(map(float, dfs[0].shape))
num_rows = int(dfs[0][0])
num_cols = int(dfs[0][1])
result = {'type': 'number', 'value': f'The dataframe has {num_rows} rows and {num_cols} columns.'}
        ```
2024-06-08 14:34:24 [ERROR] Failed with error: Traceback (most recent call last):
  File "D:\DataScience_MachineLearning\All_project\langchain_project\lang_env\Lib\site-packages\pandas\core\generic.py", line 5933, in __setattr__
    object.__setattr__(self, name, value)
AttributeError: property 'shape' of 'DataFrame' object has no setter

During handling of the above exception, another exception occurred:

Traceback (most recent call last):
  File "D:\DataScience_MachineLearning\All_project\langchain_project\lang_env\Lib\site-packages\pandasai\pipelines\chat\code_execution.py", line 85, in execute
    result = self.execute_code(code_to_run, code_context)
             ^^^^^^^^^^^^^^^^^^^^^^^^^^^^^^^^^^^^^^^^^^^^
  File "D:\DataScience_MachineLearning\All_project\langchain_project\lang_env\Lib\site-packages\pandasai\pipelines\chat\code_execution.py", line 171, in execute_code
    exec(code, environment)
  File "<string>", line 1, in <module>
  File "D:\DataScience_MachineLearning\All_project\langchain_project\lang_env\Lib\site-packages\pandas\core\generic.py", line 5943, in __setattr__
    object.__setattr__(self, name, value)
AttributeError: property 'shape' of 'DataFrame' object has no setter

2024-06-08 14:34:24 [WARNING] Failed to execute code retrying with a correction framework [retry number: 3]
2024-06-08 14:34:24 [INFO] Executing Pipeline: ErrorCorrectionPipeline
2024-06-08 14:34:24 [INFO] Executing Step 0: ErrorPromptGeneration
2024-06-08 14:34:24 [INFO] Using prompt: <dataframe>
dfs[0]:150x6
Id,SepalLengthCm,SepalWidthCm,PetalLengthCm,PetalWidthCm,Species
25,6.0,2.3,6.9,1.4,Iris-virginica
56,6.5,3.6,1.2,2.1,Iris-versicolor
93,5.2,4.0,4.3,2.3,Iris-setosa
</dataframe>


The user asked the following question:
### QUERY
 give me the shape of dataframe

You generated this python code:
dfs[0].shape = tuple(map(float, dfs[0].shape))
num_rows = int(dfs[0][0])
num_cols = int(dfs[0][1])
result = {'type': 'number', 'value': f'The dataframe has {num_rows} rows and {num_cols} columns.'}

It fails with the following error:
Traceback (most recent call last):
  File "D:\DataScience_MachineLearning\All_project\langchain_project\lang_env\Lib\site-packages\pandas\core\generic.py", line 5933, in __setattr__
    object.__setattr__(self, name, value)
AttributeError: property 'shape' of 'DataFrame' object has no setter

During handling of the above exception, another exception occurred:

Traceback (most recent call last):
  File "D:\DataScience_MachineLearning\All_project\langchain_project\lang_env\Lib\site-packages\pandasai\pipelines\chat\code_execution.py", line 85, in execute
    result = self.execute_code(code_to_run, code_context)
             ^^^^^^^^^^^^^^^^^^^^^^^^^^^^^^^^^^^^^^^^^^^^
  File "D:\DataScience_MachineLearning\All_project\langchain_project\lang_env\Lib\site-packages\pandasai\pipelines\chat\code_execution.py", line 171, in execute_code
    exec(code, environment)
  File "<string>", line 1, in <module>
  File "D:\DataScience_MachineLearning\All_project\langchain_project\lang_env\Lib\site-packages\pandas\core\generic.py", line 5943, in __setattr__
    object.__setattr__(self, name, value)
AttributeError: property 'shape' of 'DataFrame' object has no setter


Fix the python code above and return the new python code:
2024-06-08 14:34:24 [INFO] Executing Step 1: CodeGenerator
2024-06-08 14:36:04 [INFO] Prompt used:
            
<dataframe>
dfs[0]:150x6
Id,SepalLengthCm,SepalWidthCm,PetalLengthCm,PetalWidthCm,Species
43,7.3,3.3,4.3,1.9,Iris-setosa
92,4.3,4.1,5.5,2.1,Iris-versicolor
148,6.9,3.8,6.0,0.3,Iris-virginica
</dataframe>




Update this initial code:
```python
# TODO: import the required dependencies
import pandas as pd

# Write code here

# Declare result var: 
type (possible values "string", "number", "dataframe", "plot"). Examples: { "type": "string", "value": f"The highest salary is {highest_salary}." } or { "type": "number", "value": 125 } or { "type": "dataframe", "value": pd.DataFrame({...}) } or { "type": "plot", "value": "temp_chart.png" }

```



### QUERY
 give the size of data frame

Variable `dfs: list[pd.DataFrame]` is already declared.

At the end, declare "result" variable as a dictionary of type and value.

If you are asked to plot a chart, use "matplotlib" for charts, save as png.


Generate python code and return full updated code:
            
2024-06-08 14:36:04 [INFO] Code generated:
            ```
            # Import the required dependencies
import pandas as pd
import matplotlib.pyplot as plt

# Declare dataframe(s)
dfs = [pd.DataFrame([
    ["Id", "SepalLengthCm", "SepalWidthCm", "PetalLengthCm", "PetalWidthCm", "Species"],
    [43, 7.3, 3.3, 4.3, 1.9, "Iris-setosa"],
    [92, 4.3, 4.1, 5.5, 2.1, "Iris-versicolor"],
    [148, 6.9, 3.8, 6.0, 0.3, "Iris-virginica"]
])]

# Get the size of the dataframe
result = {
    "type": "number",
    "value": len(dfs[0])
}

# If needed, plot a chart (in this case, assuming there are more data for demonstration)
# ...
# plt.plot(...) # Add your plotting code here
# plt.savefig('temp_chart.png')

# Declare and return the final result
result = { "type": "dataframe", "value": dfs[0] }
            ```
            
2024-06-08 14:36:04 [INFO] Executing Step 4: CachePopulation
2024-06-08 14:36:04 [INFO] Executing Step 5: CodeCleaning
2024-06-08 14:36:04 [INFO] Saving charts to D:\DataScience_MachineLearning\All_project\langchain_project\exports\charts\temp_chart.png
2024-06-08 14:36:04 [INFO] 
Code running:
```
result = {'type': 'number', 'value': len(dfs[0])}
result = {'type': 'dataframe', 'value': dfs[0]}
        ```
2024-06-08 14:36:04 [INFO] Executing Step 6: CodeExecution
2024-06-08 14:36:04 [INFO] Executing Step 7: ResultValidation
2024-06-08 14:36:04 [INFO] Answer: {'type': 'dataframe', 'value':       Id  ...         Species
0      1  ...     Iris-setosa
1      2  ...     Iris-setosa
2      3  ...     Iris-setosa
3      4  ...     Iris-setosa
4      5  ...     Iris-setosa
..   ...  ...             ...
145  146  ...  Iris-virginica
146  147  ...  Iris-virginica
147  148  ...  Iris-virginica
148  149  ...  Iris-virginica
149  150  ...  Iris-virginica

[150 rows x 6 columns]}
2024-06-08 14:36:04 [INFO] Executing Step 8: ResultParsing
2024-06-08 14:36:42 [INFO] Question: give me the average of SepalLengthCm columns
2024-06-08 14:36:42 [INFO] Running PandasAI with langchain_ollama-llm LLM...
2024-06-08 14:36:42 [INFO] Prompt ID: 4a70e041-2a19-40a4-ba1b-c058fad82d51
2024-06-08 14:36:42 [INFO] Executing Pipeline: GenerateChatPipeline
2024-06-08 14:36:42 [INFO] Executing Step 0: ValidatePipelineInput
2024-06-08 14:36:42 [INFO] Executing Step 1: CacheLookup
2024-06-08 14:36:42 [INFO] Executing Step 2: PromptGeneration
2024-06-08 14:36:42 [INFO] Using prompt: <dataframe>
dfs[0]:150x6
Id,SepalLengthCm,SepalWidthCm,PetalLengthCm,PetalWidthCm,Species
5,5.7,3.1,4.8,1.6,Iris-versicolor
93,6.3,3.5,4.7,0.6,Iris-setosa
105,5.5,3.0,3.7,2.1,Iris-virginica
</dataframe>




Update this initial code:
```python
# TODO: import the required dependencies
import pandas as pd

# Write code here

# Declare result var: 
type (possible values "string", "number", "dataframe", "plot"). Examples: { "type": "string", "value": f"The highest salary is {highest_salary}." } or { "type": "number", "value": 125 } or { "type": "dataframe", "value": pd.DataFrame({...}) } or { "type": "plot", "value": "temp_chart.png" }

```



### QUERY
 give me the average of SepalLengthCm columns

Variable `dfs: list[pd.DataFrame]` is already declared.

At the end, declare "result" variable as a dictionary of type and value.

If you are asked to plot a chart, use "matplotlib" for charts, save as png.


Generate python code and return full updated code:
2024-06-08 14:36:42 [INFO] Executing Step 3: CodeGenerator
2024-06-08 14:37:24 [INFO] Prompt used:
            
<dataframe>
dfs[0]:150x6
Id,SepalLengthCm,SepalWidthCm,PetalLengthCm,PetalWidthCm,Species
25,6.0,2.3,6.9,1.4,Iris-virginica
56,6.5,3.6,1.2,2.1,Iris-versicolor
93,5.2,4.0,4.3,2.3,Iris-setosa
</dataframe>


The user asked the following question:
### QUERY
 give me the shape of dataframe

You generated this python code:
dfs[0].shape = tuple(map(float, dfs[0].shape))
num_rows = int(dfs[0][0])
num_cols = int(dfs[0][1])
result = {'type': 'number', 'value': f'The dataframe has {num_rows} rows and {num_cols} columns.'}

It fails with the following error:
Traceback (most recent call last):
  File "D:\DataScience_MachineLearning\All_project\langchain_project\lang_env\Lib\site-packages\pandas\core\generic.py", line 5933, in __setattr__
    object.__setattr__(self, name, value)
AttributeError: property 'shape' of 'DataFrame' object has no setter

During handling of the above exception, another exception occurred:

Traceback (most recent call last):
  File "D:\DataScience_MachineLearning\All_project\langchain_project\lang_env\Lib\site-packages\pandasai\pipelines\chat\code_execution.py", line 85, in execute
    result = self.execute_code(code_to_run, code_context)
             ^^^^^^^^^^^^^^^^^^^^^^^^^^^^^^^^^^^^^^^^^^^^
  File "D:\DataScience_MachineLearning\All_project\langchain_project\lang_env\Lib\site-packages\pandasai\pipelines\chat\code_execution.py", line 171, in execute_code
    exec(code, environment)
  File "<string>", line 1, in <module>
  File "D:\DataScience_MachineLearning\All_project\langchain_project\lang_env\Lib\site-packages\pandas\core\generic.py", line 5943, in __setattr__
    object.__setattr__(self, name, value)
AttributeError: property 'shape' of 'DataFrame' object has no setter


Fix the python code above and return the new python code:
            
2024-06-08 14:37:24 [INFO] Code generated:
            ```
            num_rows = dfs[0].shape[0]
num_cols = dfs[0].shape[1]
result = {'type': 'number', 'value': f'The dataframe has {num_rows} rows and {num_cols} columns.'}
            ```
            
2024-06-08 14:37:24 [INFO] Executing Step 2: CodeCleaning
2024-06-08 14:37:24 [INFO] 
Code running:
```
num_rows = dfs[0].shape[0]
num_cols = dfs[0].shape[1]
result = {'type': 'number', 'value': f'The dataframe has {num_rows} rows and {num_cols} columns.'}
        ```
2024-06-08 14:37:24 [ERROR] Failed with error: Traceback (most recent call last):
  File "D:\DataScience_MachineLearning\All_project\langchain_project\lang_env\Lib\site-packages\pandasai\pipelines\chat\code_execution.py", line 97, in execute
    raise InvalidOutputValueMismatch(
pandasai.exceptions.InvalidOutputValueMismatch: Value type <class 'str'> must match with type number

2024-06-08 14:37:24 [ERROR] Pipeline failed on step 6: Value type <class 'str'> must match with type number
2024-06-08 14:38:25 [INFO] Prompt used:
            
<dataframe>
dfs[0]:150x6
Id,SepalLengthCm,SepalWidthCm,PetalLengthCm,PetalWidthCm,Species
5,5.7,3.1,4.8,1.6,Iris-versicolor
93,6.3,3.5,4.7,0.6,Iris-setosa
105,5.5,3.0,3.7,2.1,Iris-virginica
</dataframe>




Update this initial code:
```python
# TODO: import the required dependencies
import pandas as pd

# Write code here

# Declare result var: 
type (possible values "string", "number", "dataframe", "plot"). Examples: { "type": "string", "value": f"The highest salary is {highest_salary}." } or { "type": "number", "value": 125 } or { "type": "dataframe", "value": pd.DataFrame({...}) } or { "type": "plot", "value": "temp_chart.png" }

```



### QUERY
 give me the average of SepalLengthCm columns

Variable `dfs: list[pd.DataFrame]` is already declared.

At the end, declare "result" variable as a dictionary of type and value.

If you are asked to plot a chart, use "matplotlib" for charts, save as png.


Generate python code and return full updated code:
            
2024-06-08 14:38:25 [INFO] Code generated:
            ```
            # Import required dependencies
import pandas as pd
import numpy as np

# Assuming dfs is already declared as a list of pandas dataframes

# Calculate the average SepalLengthCm for the first dataframe in dfs
average_sepal = dfs[0]['SepalLengthCm'].mean()

# Declare result variable as a dictionary with type and value
result = { "type": "number", "value": average_sepal }
            ```
            
2024-06-08 14:38:25 [INFO] Executing Step 4: CachePopulation
2024-06-08 14:38:25 [INFO] Executing Step 5: CodeCleaning
2024-06-08 14:38:25 [INFO] 
Code running:
```
average_sepal = dfs[0]['SepalLengthCm'].mean()
result = {'type': 'number', 'value': average_sepal}
        ```
2024-06-08 14:38:25 [INFO] Executing Step 6: CodeExecution
2024-06-08 14:38:25 [INFO] Executing Step 7: ResultValidation
2024-06-08 14:38:25 [INFO] Answer: {'type': 'number', 'value': 5.843333333333334}
2024-06-08 14:38:25 [INFO] Executing Step 8: ResultParsing
2024-06-08 14:40:18 [INFO] Question: Give me the first five rows of dataframe

2024-06-08 14:40:18 [INFO] Running PandasAI with langchain_ollama-llm LLM...
2024-06-08 14:40:18 [INFO] Prompt ID: f4717068-07e2-41fd-a8eb-421109b9ee1a
2024-06-08 14:40:18 [INFO] Executing Pipeline: GenerateChatPipeline
2024-06-08 14:40:18 [INFO] Executing Step 0: ValidatePipelineInput
2024-06-08 14:40:18 [INFO] Executing Step 1: CacheLookup
2024-06-08 14:40:18 [INFO] Executing Step 2: PromptGeneration
2024-06-08 14:40:18 [INFO] Using prompt: <dataframe>
dfs[0]:150x6
Id,SepalLengthCm,SepalWidthCm,PetalLengthCm,PetalWidthCm,Species
26,7.1,3.7,1.5,2.2,Iris-virginica
136,6.3,2.6,4.4,1.5,Iris-setosa
116,6.9,4.2,5.1,2.1,Iris-versicolor
</dataframe>




Update this initial code:
```python
# TODO: import the required dependencies
import pandas as pd

# Write code here

# Declare result var: 
type (possible values "string", "number", "dataframe", "plot"). Examples: { "type": "string", "value": f"The highest salary is {highest_salary}." } or { "type": "number", "value": 125 } or { "type": "dataframe", "value": pd.DataFrame({...}) } or { "type": "plot", "value": "temp_chart.png" }

```



### QUERY
 Give me the first five rows of dataframe


Variable `dfs: list[pd.DataFrame]` is already declared.

At the end, declare "result" variable as a dictionary of type and value.

If you are asked to plot a chart, use "matplotlib" for charts, save as png.


Generate python code and return full updated code:
2024-06-08 14:40:18 [INFO] Executing Step 3: CodeGenerator
2024-06-08 14:41:35 [INFO] Prompt used:
            
<dataframe>
dfs[0]:150x6
Id,SepalLengthCm,SepalWidthCm,PetalLengthCm,PetalWidthCm,Species
26,7.1,3.7,1.5,2.2,Iris-virginica
136,6.3,2.6,4.4,1.5,Iris-setosa
116,6.9,4.2,5.1,2.1,Iris-versicolor
</dataframe>




Update this initial code:
```python
# TODO: import the required dependencies
import pandas as pd

# Write code here

# Declare result var: 
type (possible values "string", "number", "dataframe", "plot"). Examples: { "type": "string", "value": f"The highest salary is {highest_salary}." } or { "type": "number", "value": 125 } or { "type": "dataframe", "value": pd.DataFrame({...}) } or { "type": "plot", "value": "temp_chart.png" }

```



### QUERY
 Give me the first five rows of dataframe


Variable `dfs: list[pd.DataFrame]` is already declared.

At the end, declare "result" variable as a dictionary of type and value.

If you are asked to plot a chart, use "matplotlib" for charts, save as png.


Generate python code and return full updated code:
            
2024-06-08 14:41:35 [INFO] Code generated:
            ```
            # Importing required dependencies
import pandas as pd
import matplotlib.pyplot as plt

# Declare dataframe(s)
dfs = [pd.read_csv("your_datafile.csv", header=None)]  # Replace "your_datafile.csv" with your actual CSV file path

# Get the first five rows of dataframe
result = {
    "type": "dataframe",
    "value": dfs[0].head(5)
}

# If you want to plot a chart, uncomment the following code (assuming SepalLengthCm column for this example)
# plt.plot(dfs[0]['SepalLengthCm'])
# plt.savefig('temp_chart.png')
# result = { "type": "plot", "value": 'temp_chart.png' }
            ```
            
2024-06-08 14:41:35 [INFO] Executing Step 4: CachePopulation
2024-06-08 14:41:35 [INFO] Executing Step 5: CodeCleaning
2024-06-08 14:41:35 [INFO] Saving charts to D:\DataScience_MachineLearning\All_project\langchain_project\exports\charts\temp_chart.png
2024-06-08 14:41:35 [INFO] 
Code running:
```
result = {'type': 'dataframe', 'value': dfs[0].head(5)}
        ```
2024-06-08 14:41:35 [INFO] Executing Step 6: CodeExecution
2024-06-08 14:41:35 [INFO] Executing Step 7: ResultValidation
2024-06-08 14:41:35 [INFO] Answer: {'type': 'dataframe', 'value':    Id  ...      Species
0   1  ...  Iris-setosa
1   2  ...  Iris-setosa
2   3  ...  Iris-setosa
3   4  ...  Iris-setosa
4   5  ...  Iris-setosa

[5 rows x 6 columns]}
2024-06-08 14:41:35 [INFO] Executing Step 8: ResultParsing
2024-06-08 14:42:31 [INFO] Question: Give me only Species columns

2024-06-08 14:42:31 [INFO] Running PandasAI with langchain_ollama-llm LLM...
2024-06-08 14:42:31 [INFO] Prompt ID: f658f2a7-91c0-482b-b137-eb19dbdf75d8
2024-06-08 14:42:31 [INFO] Executing Pipeline: GenerateChatPipeline
2024-06-08 14:42:31 [INFO] Executing Step 0: ValidatePipelineInput
2024-06-08 14:42:31 [INFO] Executing Step 1: CacheLookup
2024-06-08 14:42:31 [INFO] Executing Step 2: PromptGeneration
2024-06-08 14:42:31 [INFO] Using prompt: <dataframe>
dfs[0]:150x6
Id,SepalLengthCm,SepalWidthCm,PetalLengthCm,PetalWidthCm,Species
12,5.0,2.7,3.0,1.2,Iris-setosa
111,7.7,3.0,5.8,1.9,Iris-virginica
87,4.7,2.9,4.0,2.0,Iris-versicolor
</dataframe>




Update this initial code:
```python
# TODO: import the required dependencies
import pandas as pd

# Write code here

# Declare result var: 
type (possible values "string", "number", "dataframe", "plot"). Examples: { "type": "string", "value": f"The highest salary is {highest_salary}." } or { "type": "number", "value": 125 } or { "type": "dataframe", "value": pd.DataFrame({...}) } or { "type": "plot", "value": "temp_chart.png" }

```



### QUERY
 Give me only Species columns


Variable `dfs: list[pd.DataFrame]` is already declared.

At the end, declare "result" variable as a dictionary of type and value.

If you are asked to plot a chart, use "matplotlib" for charts, save as png.


Generate python code and return full updated code:
2024-06-08 14:42:31 [INFO] Executing Step 3: CodeGenerator
2024-06-08 14:43:48 [INFO] Prompt used:
            
<dataframe>
dfs[0]:150x6
Id,SepalLengthCm,SepalWidthCm,PetalLengthCm,PetalWidthCm,Species
12,5.0,2.7,3.0,1.2,Iris-setosa
111,7.7,3.0,5.8,1.9,Iris-virginica
87,4.7,2.9,4.0,2.0,Iris-versicolor
</dataframe>




Update this initial code:
```python
# TODO: import the required dependencies
import pandas as pd

# Write code here

# Declare result var: 
type (possible values "string", "number", "dataframe", "plot"). Examples: { "type": "string", "value": f"The highest salary is {highest_salary}." } or { "type": "number", "value": 125 } or { "type": "dataframe", "value": pd.DataFrame({...}) } or { "type": "plot", "value": "temp_chart.png" }

```



### QUERY
 Give me only Species columns


Variable `dfs: list[pd.DataFrame]` is already declared.

At the end, declare "result" variable as a dictionary of type and value.

If you are asked to plot a chart, use "matplotlib" for charts, save as png.


Generate python code and return full updated code:
            
2024-06-08 14:43:48 [INFO] Code generated:
            ```
            # Import the required dependencies
import pandas as pd
import matplotlib.pyplot as plt

# Declare result var:
result = {"type": "dataframe", "value": None}

# Get only Species columns from the first dataframe in dfs
dfs[0]['Species']

# Assign it to the result value
result['value'] = dfs[0]['Species']

# If you are asked to plot a chart, use "matplotlib" for charts, save as png.
# (Uncomment the following code block if needed)
# plt.figure(figsize=(8,6))
# dfs[0].boxplot(column='Species', by=None, figsize=(8,6))
# plt.savefig('species_chart.png')
            ```
            
2024-06-08 14:43:48 [INFO] Executing Step 4: CachePopulation
2024-06-08 14:43:48 [INFO] Executing Step 5: CodeCleaning
2024-06-08 14:43:48 [INFO] Saving charts to D:\DataScience_MachineLearning\All_project\langchain_project\exports\charts\temp_chart.png
2024-06-08 14:43:48 [INFO] 
Code running:
```
result = {'type': 'dataframe', 'value': None}
dfs[0]['Species']
result['value'] = dfs[0]['Species']
        ```
2024-06-08 14:43:48 [INFO] Executing Step 6: CodeExecution
2024-06-08 14:43:48 [INFO] Executing Step 7: ResultValidation
2024-06-08 14:43:48 [INFO] Answer: {'type': 'dataframe', 'value':             Species
0       Iris-setosa
1       Iris-setosa
2       Iris-setosa
3       Iris-setosa
4       Iris-setosa
..              ...
145  Iris-virginica
146  Iris-virginica
147  Iris-virginica
148  Iris-virginica
149  Iris-virginica

[150 rows x 1 columns]}
2024-06-08 14:43:48 [INFO] Executing Step 8: ResultParsing
